2023-08-21 15:03:58,835 INFO org.springframework.boot.StartupInfoLogger [main] Starting Application using Java 19 on DESKTOP-SLCHRS1 with PID 22384 (C:\Users\Emiliano Quircio\Documents\GitHub\ConfigServer\target\classes started by Emiliano Quircio in C:\Users\Emiliano Quircio\Documents\GitHub\ConfigServer)
2023-08-21 15:03:58,841 DEBUG org.springframework.boot.StartupInfoLogger [main] Running with Spring Boot v2.7.14, Spring v5.3.29
2023-08-21 15:03:58,842 INFO org.springframework.boot.SpringApplication [main] The following 1 profile is active: "github"
2023-08-21 15:04:01,973 WARN org.springframework.context.support.AbstractApplicationContext [main] Exception encountered during context initialization - cancelling refresh attempt: org.springframework.beans.factory.BeanCreationException: Error creating bean with name 'applicationRunner': Injection of autowired dependencies failed; nested exception is java.lang.IllegalArgumentException: Could not resolve placeholder 'admpsw' in value "${admpsw}"
2023-08-21 15:04:02,052 ERROR org.springframework.boot.SpringApplication [main] Application run failed
org.springframework.beans.factory.BeanCreationException: Error creating bean with name 'applicationRunner': Injection of autowired dependencies failed; nested exception is java.lang.IllegalArgumentException: Could not resolve placeholder 'admpsw' in value "${admpsw}"
	at org.springframework.beans.factory.annotation.AutowiredAnnotationBeanPostProcessor.postProcessProperties(AutowiredAnnotationBeanPostProcessor.java:405)
	at org.springframework.beans.factory.support.AbstractAutowireCapableBeanFactory.populateBean(AbstractAutowireCapableBeanFactory.java:1431)
	at org.springframework.beans.factory.support.AbstractAutowireCapableBeanFactory.doCreateBean(AbstractAutowireCapableBeanFactory.java:619)
	at org.springframework.beans.factory.support.AbstractAutowireCapableBeanFactory.createBean(AbstractAutowireCapableBeanFactory.java:542)
	at org.springframework.beans.factory.support.AbstractBeanFactory.lambda$doGetBean$0(AbstractBeanFactory.java:335)
	at org.springframework.beans.factory.support.DefaultSingletonBeanRegistry.getSingleton(DefaultSingletonBeanRegistry.java:234)
	at org.springframework.beans.factory.support.AbstractBeanFactory.doGetBean(AbstractBeanFactory.java:333)
	at org.springframework.beans.factory.support.AbstractBeanFactory.getBean(AbstractBeanFactory.java:208)
	at org.springframework.beans.factory.support.DefaultListableBeanFactory.preInstantiateSingletons(DefaultListableBeanFactory.java:955)
	at org.springframework.context.support.AbstractApplicationContext.finishBeanFactoryInitialization(AbstractApplicationContext.java:921)
	at org.springframework.context.support.AbstractApplicationContext.refresh(AbstractApplicationContext.java:583)
	at org.springframework.boot.web.servlet.context.ServletWebServerApplicationContext.refresh(ServletWebServerApplicationContext.java:147)
	at org.springframework.boot.SpringApplication.refresh(SpringApplication.java:731)
	at org.springframework.boot.SpringApplication.refreshContext(SpringApplication.java:408)
	at org.springframework.boot.SpringApplication.run(SpringApplication.java:307)
	at org.springframework.boot.SpringApplication.run(SpringApplication.java:1303)
	at org.springframework.boot.SpringApplication.run(SpringApplication.java:1292)
	at com.api.configserver.Application.main(Application.java:12)
Caused by: java.lang.IllegalArgumentException: Could not resolve placeholder 'admpsw' in value "${admpsw}"
	at org.springframework.util.PropertyPlaceholderHelper.parseStringValue(PropertyPlaceholderHelper.java:180)
	at org.springframework.util.PropertyPlaceholderHelper.replacePlaceholders(PropertyPlaceholderHelper.java:126)
	at org.springframework.core.env.AbstractPropertyResolver.doResolvePlaceholders(AbstractPropertyResolver.java:239)
	at org.springframework.core.env.AbstractPropertyResolver.resolveRequiredPlaceholders(AbstractPropertyResolver.java:210)
	at org.springframework.core.env.AbstractPropertyResolver.resolveNestedPlaceholders(AbstractPropertyResolver.java:230)
	at org.springframework.boot.context.properties.source.ConfigurationPropertySourcesPropertyResolver.getProperty(ConfigurationPropertySourcesPropertyResolver.java:79)
	at org.springframework.boot.context.properties.source.ConfigurationPropertySourcesPropertyResolver.getProperty(ConfigurationPropertySourcesPropertyResolver.java:60)
	at org.springframework.core.env.AbstractEnvironment.getProperty(AbstractEnvironment.java:594)
	at org.springframework.context.support.PropertySourcesPlaceholderConfigurer$1.getProperty(PropertySourcesPlaceholderConfigurer.java:153)
	at org.springframework.context.support.PropertySourcesPlaceholderConfigurer$1.getProperty(PropertySourcesPlaceholderConfigurer.java:149)
	at org.springframework.core.env.PropertySourcesPropertyResolver.getProperty(PropertySourcesPropertyResolver.java:85)
	at org.springframework.core.env.PropertySourcesPropertyResolver.getPropertyAsRawString(PropertySourcesPropertyResolver.java:74)
	at org.springframework.util.PropertyPlaceholderHelper.parseStringValue(PropertyPlaceholderHelper.java:153)
	at org.springframework.util.PropertyPlaceholderHelper.replacePlaceholders(PropertyPlaceholderHelper.java:126)
	at org.springframework.core.env.AbstractPropertyResolver.doResolvePlaceholders(AbstractPropertyResolver.java:239)
	at org.springframework.core.env.AbstractPropertyResolver.resolveRequiredPlaceholders(AbstractPropertyResolver.java:210)
	at org.springframework.context.support.PropertySourcesPlaceholderConfigurer.lambda$processProperties$0(PropertySourcesPlaceholderConfigurer.java:191)
	at org.springframework.beans.factory.support.AbstractBeanFactory.resolveEmbeddedValue(AbstractBeanFactory.java:936)
	at org.springframework.beans.factory.support.DefaultListableBeanFactory.doResolveDependency(DefaultListableBeanFactory.java:1332)
	at org.springframework.beans.factory.support.DefaultListableBeanFactory.resolveDependency(DefaultListableBeanFactory.java:1311)
	at org.springframework.beans.factory.annotation.AutowiredAnnotationBeanPostProcessor$AutowiredFieldElement.resolveFieldValue(AutowiredAnnotationBeanPostProcessor.java:659)
	at org.springframework.beans.factory.annotation.AutowiredAnnotationBeanPostProcessor$AutowiredFieldElement.inject(AutowiredAnnotationBeanPostProcessor.java:642)
	at org.springframework.beans.factory.annotation.InjectionMetadata.inject(InjectionMetadata.java:119)
	at org.springframework.beans.factory.annotation.AutowiredAnnotationBeanPostProcessor.postProcessProperties(AutowiredAnnotationBeanPostProcessor.java:399)
	... 17 common frames omitted
2023-08-21 15:05:21,958 INFO org.springframework.boot.StartupInfoLogger [main] Starting Application using Java 19 on DESKTOP-SLCHRS1 with PID 16476 (C:\Users\Emiliano Quircio\Documents\GitHub\ConfigServer\target\classes started by Emiliano Quircio in C:\Users\Emiliano Quircio\Documents\GitHub\ConfigServer)
2023-08-21 15:05:21,962 DEBUG org.springframework.boot.StartupInfoLogger [main] Running with Spring Boot v2.7.14, Spring v5.3.29
2023-08-21 15:05:21,963 INFO org.springframework.boot.SpringApplication [main] The following 1 profile is active: "github"
2023-08-21 15:05:25,344 WARN org.springframework.context.support.AbstractApplicationContext [main] Exception encountered during context initialization - cancelling refresh attempt: org.springframework.beans.factory.BeanCreationException: Error creating bean with name 'customWebSecurityConfigurerAdapter': Injection of autowired dependencies failed; nested exception is java.lang.IllegalArgumentException: Could not resolve placeholder 'admpsw' in value "${admpsw}"
2023-08-21 15:05:25,416 ERROR org.springframework.boot.SpringApplication [main] Application run failed
org.springframework.beans.factory.BeanCreationException: Error creating bean with name 'customWebSecurityConfigurerAdapter': Injection of autowired dependencies failed; nested exception is java.lang.IllegalArgumentException: Could not resolve placeholder 'admpsw' in value "${admpsw}"
	at org.springframework.beans.factory.annotation.AutowiredAnnotationBeanPostProcessor.postProcessProperties(AutowiredAnnotationBeanPostProcessor.java:405)
	at org.springframework.beans.factory.support.AbstractAutowireCapableBeanFactory.populateBean(AbstractAutowireCapableBeanFactory.java:1431)
	at org.springframework.beans.factory.support.AbstractAutowireCapableBeanFactory.doCreateBean(AbstractAutowireCapableBeanFactory.java:619)
	at org.springframework.beans.factory.support.AbstractAutowireCapableBeanFactory.createBean(AbstractAutowireCapableBeanFactory.java:542)
	at org.springframework.beans.factory.support.AbstractBeanFactory.lambda$doGetBean$0(AbstractBeanFactory.java:335)
	at org.springframework.beans.factory.support.DefaultSingletonBeanRegistry.getSingleton(DefaultSingletonBeanRegistry.java:234)
	at org.springframework.beans.factory.support.AbstractBeanFactory.doGetBean(AbstractBeanFactory.java:333)
	at org.springframework.beans.factory.support.AbstractBeanFactory.getBean(AbstractBeanFactory.java:208)
	at org.springframework.beans.factory.support.DefaultListableBeanFactory.preInstantiateSingletons(DefaultListableBeanFactory.java:955)
	at org.springframework.context.support.AbstractApplicationContext.finishBeanFactoryInitialization(AbstractApplicationContext.java:921)
	at org.springframework.context.support.AbstractApplicationContext.refresh(AbstractApplicationContext.java:583)
	at org.springframework.boot.web.servlet.context.ServletWebServerApplicationContext.refresh(ServletWebServerApplicationContext.java:147)
	at org.springframework.boot.SpringApplication.refresh(SpringApplication.java:731)
	at org.springframework.boot.SpringApplication.refreshContext(SpringApplication.java:408)
	at org.springframework.boot.SpringApplication.run(SpringApplication.java:307)
	at org.springframework.boot.SpringApplication.run(SpringApplication.java:1303)
	at org.springframework.boot.SpringApplication.run(SpringApplication.java:1292)
	at com.api.configserver.Application.main(Application.java:12)
Caused by: java.lang.IllegalArgumentException: Could not resolve placeholder 'admpsw' in value "${admpsw}"
	at org.springframework.util.PropertyPlaceholderHelper.parseStringValue(PropertyPlaceholderHelper.java:180)
	at org.springframework.util.PropertyPlaceholderHelper.replacePlaceholders(PropertyPlaceholderHelper.java:126)
	at org.springframework.core.env.AbstractPropertyResolver.doResolvePlaceholders(AbstractPropertyResolver.java:239)
	at org.springframework.core.env.AbstractPropertyResolver.resolveRequiredPlaceholders(AbstractPropertyResolver.java:210)
	at org.springframework.core.env.AbstractPropertyResolver.resolveNestedPlaceholders(AbstractPropertyResolver.java:230)
	at org.springframework.boot.context.properties.source.ConfigurationPropertySourcesPropertyResolver.getProperty(ConfigurationPropertySourcesPropertyResolver.java:79)
	at org.springframework.boot.context.properties.source.ConfigurationPropertySourcesPropertyResolver.getProperty(ConfigurationPropertySourcesPropertyResolver.java:60)
	at org.springframework.core.env.AbstractEnvironment.getProperty(AbstractEnvironment.java:594)
	at org.springframework.context.support.PropertySourcesPlaceholderConfigurer$1.getProperty(PropertySourcesPlaceholderConfigurer.java:153)
	at org.springframework.context.support.PropertySourcesPlaceholderConfigurer$1.getProperty(PropertySourcesPlaceholderConfigurer.java:149)
	at org.springframework.core.env.PropertySourcesPropertyResolver.getProperty(PropertySourcesPropertyResolver.java:85)
	at org.springframework.core.env.PropertySourcesPropertyResolver.getPropertyAsRawString(PropertySourcesPropertyResolver.java:74)
	at org.springframework.util.PropertyPlaceholderHelper.parseStringValue(PropertyPlaceholderHelper.java:153)
	at org.springframework.util.PropertyPlaceholderHelper.replacePlaceholders(PropertyPlaceholderHelper.java:126)
	at org.springframework.core.env.AbstractPropertyResolver.doResolvePlaceholders(AbstractPropertyResolver.java:239)
	at org.springframework.core.env.AbstractPropertyResolver.resolveRequiredPlaceholders(AbstractPropertyResolver.java:210)
	at org.springframework.context.support.PropertySourcesPlaceholderConfigurer.lambda$processProperties$0(PropertySourcesPlaceholderConfigurer.java:191)
	at org.springframework.beans.factory.support.AbstractBeanFactory.resolveEmbeddedValue(AbstractBeanFactory.java:936)
	at org.springframework.beans.factory.support.DefaultListableBeanFactory.doResolveDependency(DefaultListableBeanFactory.java:1332)
	at org.springframework.beans.factory.support.DefaultListableBeanFactory.resolveDependency(DefaultListableBeanFactory.java:1311)
	at org.springframework.beans.factory.annotation.AutowiredAnnotationBeanPostProcessor$AutowiredFieldElement.resolveFieldValue(AutowiredAnnotationBeanPostProcessor.java:659)
	at org.springframework.beans.factory.annotation.AutowiredAnnotationBeanPostProcessor$AutowiredFieldElement.inject(AutowiredAnnotationBeanPostProcessor.java:642)
	at org.springframework.beans.factory.annotation.InjectionMetadata.inject(InjectionMetadata.java:119)
	at org.springframework.beans.factory.annotation.AutowiredAnnotationBeanPostProcessor.postProcessProperties(AutowiredAnnotationBeanPostProcessor.java:399)
	... 17 common frames omitted
2023-08-21 15:09:38,200 INFO org.springframework.boot.StartupInfoLogger [main] Starting Application using Java 19 on DESKTOP-SLCHRS1 with PID 15268 (C:\Users\Emiliano Quircio\Documents\GitHub\ConfigServer\target\classes started by Emiliano Quircio in C:\Users\Emiliano Quircio\Documents\GitHub\ConfigServer)
2023-08-21 15:09:38,205 DEBUG org.springframework.boot.StartupInfoLogger [main] Running with Spring Boot v2.7.14, Spring v5.3.29
2023-08-21 15:09:38,206 INFO org.springframework.boot.SpringApplication [main] The following 1 profile is active: "github"
2023-08-21 15:09:45,836 INFO org.springframework.boot.StartupInfoLogger [main] Started Application in 8.783 seconds (JVM running for 9.749)
2023-08-21 15:09:45,952 INFO com.api.configserver.ApplicationRunner [main] Start CommandLineRunner...
2023-08-21 15:09:45,953 INFO com.api.configserver.ApplicationRunner [main] Powered by Emiliano Quircio in xx/xx/2022!
2023-08-21 15:09:45,956 INFO com.api.configserver.ApplicationRunner [main] ...fine!
2023-08-21 15:09:52,209 WARN org.springframework.cloud.config.server.support.AbstractScmAccessor$1 [Thread-2] Failed to delete temporary directory on exit: java.nio.file.AccessDeniedException: C:\Users\EMILIA~1\AppData\Local\Temp\config-repo-11707719172218606910\.git\objects\pack\pack-574b0b55e376ec4c46720ea9b2b34192237572f0.idx
2023-08-21 15:10:03,284 INFO org.springframework.boot.StartupInfoLogger [main] Starting Application using Java 19 on DESKTOP-SLCHRS1 with PID 14948 (C:\Users\Emiliano Quircio\Documents\GitHub\ConfigServer\target\classes started by Emiliano Quircio in C:\Users\Emiliano Quircio\Documents\GitHub\ConfigServer)
2023-08-21 15:10:03,288 DEBUG org.springframework.boot.StartupInfoLogger [main] Running with Spring Boot v2.7.14, Spring v5.3.29
2023-08-21 15:10:03,289 INFO org.springframework.boot.SpringApplication [main] The following 1 profile is active: "github"
2023-08-21 15:10:10,775 INFO org.springframework.boot.StartupInfoLogger [main] Started Application in 8.688 seconds (JVM running for 9.311)
2023-08-21 15:10:10,889 INFO com.api.configserver.ApplicationRunner [main] Start CommandLineRunner...
2023-08-21 15:10:10,889 INFO com.api.configserver.ApplicationRunner [main] Powered by Emiliano Quircio in xx/xx/2022!
2023-08-21 15:10:10,892 INFO com.api.configserver.ApplicationRunner [main] ...fine!
2023-08-21 15:11:59,041 WARN org.springframework.cloud.config.server.support.AbstractScmAccessor$1 [Thread-2] Failed to delete temporary directory on exit: java.nio.file.AccessDeniedException: C:\Users\EMILIA~1\AppData\Local\Temp\config-repo-5466379030200687039\.git\objects\pack\pack-574b0b55e376ec4c46720ea9b2b34192237572f0.idx
2023-08-21 15:12:18,137 INFO org.springframework.boot.StartupInfoLogger [main] Starting Application using Java 19 on DESKTOP-SLCHRS1 with PID 26468 (C:\Users\Emiliano Quircio\Documents\GitHub\ConfigServer\target\classes started by Emiliano Quircio in C:\Users\Emiliano Quircio\Documents\GitHub\ConfigServer)
2023-08-21 15:12:18,141 DEBUG org.springframework.boot.StartupInfoLogger [main] Running with Spring Boot v2.7.14, Spring v5.3.29
2023-08-21 15:12:18,142 INFO org.springframework.boot.SpringApplication [main] The following 1 profile is active: "github"
2023-08-21 15:12:25,167 INFO org.springframework.boot.StartupInfoLogger [main] Started Application in 8.195 seconds (JVM running for 8.827)
2023-08-21 15:12:25,281 INFO com.api.configserver.ApplicationRunner [main] Start CommandLineRunner...
2023-08-21 15:12:25,282 INFO com.api.configserver.ApplicationRunner [main] Powered by Emiliano Quircio in xx/xx/2022!
2023-08-21 15:12:25,284 INFO com.api.configserver.ApplicationRunner [main] ...fine!
2023-08-21 15:22:25,801 WARN org.springframework.cloud.config.server.support.AbstractScmAccessor$1 [Thread-2] Failed to delete temporary directory on exit: java.nio.file.AccessDeniedException: C:\Users\EMILIA~1\AppData\Local\Temp\config-repo-5657007895966959133\.git\objects\pack\pack-574b0b55e376ec4c46720ea9b2b34192237572f0.idx
2023-08-21 15:22:48,861 INFO org.springframework.boot.StartupInfoLogger [main] Starting Application using Java 19 on DESKTOP-SLCHRS1 with PID 14476 (C:\Users\Emiliano Quircio\Documents\GitHub\ConfigServer\target\classes started by Emiliano Quircio in C:\Users\Emiliano Quircio\Documents\GitHub\ConfigServer)
2023-08-21 15:22:48,867 DEBUG org.springframework.boot.StartupInfoLogger [main] Running with Spring Boot v2.7.14, Spring v5.3.29
2023-08-21 15:22:48,867 INFO org.springframework.boot.SpringApplication [main] The following 1 profile is active: "github"
2023-08-21 15:22:56,117 INFO org.springframework.boot.StartupInfoLogger [main] Started Application in 8.435 seconds (JVM running for 9.027)
2023-08-21 15:22:56,228 INFO com.api.configserver.ApplicationRunner [main] Start CommandLineRunner...
2023-08-21 15:22:56,229 INFO com.api.configserver.ApplicationRunner [main] Powered by Emiliano Quircio in xx/xx/2022!
2023-08-21 15:22:56,231 INFO com.api.configserver.ApplicationRunner [main] ...fine!
2023-08-21 15:27:32,267 WARN org.springframework.cloud.config.server.support.AbstractScmAccessor$1 [Thread-2] Failed to delete temporary directory on exit: java.nio.file.AccessDeniedException: C:\Users\EMILIA~1\AppData\Local\Temp\config-repo-16106243779060020067\.git\objects\pack\pack-574b0b55e376ec4c46720ea9b2b34192237572f0.idx
2023-08-21 15:30:17,741 INFO org.springframework.boot.StartupInfoLogger [main] Starting Application using Java 19 on DESKTOP-SLCHRS1 with PID 14360 (C:\Users\Emiliano Quircio\Documents\GitHub\ConfigServer\target\classes started by Emiliano Quircio in C:\Users\Emiliano Quircio\Documents\GitHub\ConfigServer)
2023-08-21 15:30:17,747 DEBUG org.springframework.boot.StartupInfoLogger [main] Running with Spring Boot v2.7.14, Spring v5.3.29
2023-08-21 15:30:17,748 INFO org.springframework.boot.SpringApplication [main] The following 1 profile is active: "github"
2023-08-21 15:30:26,569 INFO org.springframework.boot.StartupInfoLogger [main] Started Application in 10.096 seconds (JVM running for 10.959)
2023-08-21 15:30:26,708 INFO com.api.configserver.ApplicationRunner [main] Start CommandLineRunner...
2023-08-21 15:30:26,709 INFO com.api.configserver.ApplicationRunner [main] Powered by Emiliano Quircio in xx/xx/2022!
2023-08-21 15:30:26,711 INFO com.api.configserver.ApplicationRunner [main] ...fine!
2023-08-21 15:34:23,101 WARN org.springframework.cloud.config.server.support.AbstractScmAccessor$1 [Thread-2] Failed to delete temporary directory on exit: java.nio.file.AccessDeniedException: C:\Users\EMILIA~1\AppData\Local\Temp\config-repo-14000000088417384376\.git\objects\pack\pack-574b0b55e376ec4c46720ea9b2b34192237572f0.idx
2023-08-21 15:34:29,299 INFO org.springframework.boot.StartupInfoLogger [main] Starting Application using Java 19 on DESKTOP-SLCHRS1 with PID 21624 (C:\Users\Emiliano Quircio\Documents\GitHub\ConfigServer\target\classes started by Emiliano Quircio in C:\Users\Emiliano Quircio\Documents\GitHub\ConfigServer)
2023-08-21 15:34:29,304 DEBUG org.springframework.boot.StartupInfoLogger [main] Running with Spring Boot v2.7.14, Spring v5.3.29
2023-08-21 15:34:29,308 INFO org.springframework.boot.SpringApplication [main] The following 1 profile is active: "github"
2023-08-21 15:34:37,289 INFO org.springframework.boot.StartupInfoLogger [main] Started Application in 9.266 seconds (JVM running for 10.002)
2023-08-21 15:34:37,406 INFO com.api.configserver.ApplicationRunner [main] Start CommandLineRunner...
2023-08-21 15:34:37,406 INFO com.api.configserver.ApplicationRunner [main] Powered by Emiliano Quircio in xx/xx/2022!
2023-08-21 15:34:37,408 INFO com.api.configserver.ApplicationRunner [main] ...fine!
2023-08-21 15:37:34,967 WARN org.springframework.cloud.config.server.support.AbstractScmAccessor$1 [Thread-2] Failed to delete temporary directory on exit: java.nio.file.AccessDeniedException: C:\Users\EMILIA~1\AppData\Local\Temp\config-repo-4006248936679333264\.git\objects\pack\pack-574b0b55e376ec4c46720ea9b2b34192237572f0.idx
2023-08-21 15:37:41,238 INFO org.springframework.boot.StartupInfoLogger [main] Starting Application using Java 19 on DESKTOP-SLCHRS1 with PID 12900 (C:\Users\Emiliano Quircio\Documents\GitHub\ConfigServer\target\classes started by Emiliano Quircio in C:\Users\Emiliano Quircio\Documents\GitHub\ConfigServer)
2023-08-21 15:37:41,241 DEBUG org.springframework.boot.StartupInfoLogger [main] Running with Spring Boot v2.7.14, Spring v5.3.29
2023-08-21 15:37:41,242 INFO org.springframework.boot.SpringApplication [main] The following 1 profile is active: "github"
2023-08-21 15:37:48,889 INFO org.springframework.boot.StartupInfoLogger [main] Started Application in 8.963 seconds (JVM running for 9.641)
2023-08-21 15:37:48,998 INFO com.api.configserver.ApplicationRunner [main] Start CommandLineRunner...
2023-08-21 15:37:48,998 INFO com.api.configserver.ApplicationRunner [main] Powered by Emiliano Quircio in xx/xx/2022!
2023-08-21 15:37:49,000 INFO com.api.configserver.ApplicationRunner [main] ...fine!
2023-08-21 15:42:15,687 WARN org.springframework.cloud.config.server.support.AbstractScmAccessor$1 [Thread-2] Failed to delete temporary directory on exit: java.nio.file.AccessDeniedException: C:\Users\EMILIA~1\AppData\Local\Temp\config-repo-5706259536631481873\.git\objects\pack\pack-574b0b55e376ec4c46720ea9b2b34192237572f0.idx
2023-08-21 15:42:27,441 INFO org.springframework.boot.StartupInfoLogger [main] Starting Application using Java 19 on DESKTOP-SLCHRS1 with PID 8804 (C:\Users\Emiliano Quircio\Documents\GitHub\ConfigServer\target\classes started by Emiliano Quircio in C:\Users\Emiliano Quircio\Documents\GitHub\ConfigServer)
2023-08-21 15:42:27,444 DEBUG org.springframework.boot.StartupInfoLogger [main] Running with Spring Boot v2.7.14, Spring v5.3.29
2023-08-21 15:42:27,446 INFO org.springframework.boot.SpringApplication [main] The following 1 profile is active: "github"
2023-08-21 15:42:30,748 WARN org.springframework.context.support.AbstractApplicationContext [main] Exception encountered during context initialization - cancelling refresh attempt: org.springframework.beans.factory.BeanCreationException: Error creating bean with name 'customWebSecurityConfigurerAdapter': Injection of autowired dependencies failed; nested exception is java.lang.IllegalArgumentException: Could not resolve placeholder 'uspsw' in value "${uspsw}"
2023-08-21 15:42:30,852 ERROR org.springframework.boot.SpringApplication [main] Application run failed
org.springframework.beans.factory.BeanCreationException: Error creating bean with name 'customWebSecurityConfigurerAdapter': Injection of autowired dependencies failed; nested exception is java.lang.IllegalArgumentException: Could not resolve placeholder 'uspsw' in value "${uspsw}"
	at org.springframework.beans.factory.annotation.AutowiredAnnotationBeanPostProcessor.postProcessProperties(AutowiredAnnotationBeanPostProcessor.java:405)
	at org.springframework.beans.factory.support.AbstractAutowireCapableBeanFactory.populateBean(AbstractAutowireCapableBeanFactory.java:1431)
	at org.springframework.beans.factory.support.AbstractAutowireCapableBeanFactory.doCreateBean(AbstractAutowireCapableBeanFactory.java:619)
	at org.springframework.beans.factory.support.AbstractAutowireCapableBeanFactory.createBean(AbstractAutowireCapableBeanFactory.java:542)
	at org.springframework.beans.factory.support.AbstractBeanFactory.lambda$doGetBean$0(AbstractBeanFactory.java:335)
	at org.springframework.beans.factory.support.DefaultSingletonBeanRegistry.getSingleton(DefaultSingletonBeanRegistry.java:234)
	at org.springframework.beans.factory.support.AbstractBeanFactory.doGetBean(AbstractBeanFactory.java:333)
	at org.springframework.beans.factory.support.AbstractBeanFactory.getBean(AbstractBeanFactory.java:208)
	at org.springframework.beans.factory.support.DefaultListableBeanFactory.preInstantiateSingletons(DefaultListableBeanFactory.java:955)
	at org.springframework.context.support.AbstractApplicationContext.finishBeanFactoryInitialization(AbstractApplicationContext.java:921)
	at org.springframework.context.support.AbstractApplicationContext.refresh(AbstractApplicationContext.java:583)
	at org.springframework.boot.web.servlet.context.ServletWebServerApplicationContext.refresh(ServletWebServerApplicationContext.java:147)
	at org.springframework.boot.SpringApplication.refresh(SpringApplication.java:731)
	at org.springframework.boot.SpringApplication.refreshContext(SpringApplication.java:408)
	at org.springframework.boot.SpringApplication.run(SpringApplication.java:307)
	at org.springframework.boot.SpringApplication.run(SpringApplication.java:1303)
	at org.springframework.boot.SpringApplication.run(SpringApplication.java:1292)
	at com.api.configserver.Application.main(Application.java:12)
Caused by: java.lang.IllegalArgumentException: Could not resolve placeholder 'uspsw' in value "${uspsw}"
	at org.springframework.util.PropertyPlaceholderHelper.parseStringValue(PropertyPlaceholderHelper.java:180)
	at org.springframework.util.PropertyPlaceholderHelper.replacePlaceholders(PropertyPlaceholderHelper.java:126)
	at org.springframework.core.env.AbstractPropertyResolver.doResolvePlaceholders(AbstractPropertyResolver.java:239)
	at org.springframework.core.env.AbstractPropertyResolver.resolveRequiredPlaceholders(AbstractPropertyResolver.java:210)
	at org.springframework.core.env.AbstractPropertyResolver.resolveNestedPlaceholders(AbstractPropertyResolver.java:230)
	at org.springframework.boot.context.properties.source.ConfigurationPropertySourcesPropertyResolver.getProperty(ConfigurationPropertySourcesPropertyResolver.java:79)
	at org.springframework.boot.context.properties.source.ConfigurationPropertySourcesPropertyResolver.getProperty(ConfigurationPropertySourcesPropertyResolver.java:60)
	at org.springframework.core.env.AbstractEnvironment.getProperty(AbstractEnvironment.java:594)
	at org.springframework.context.support.PropertySourcesPlaceholderConfigurer$1.getProperty(PropertySourcesPlaceholderConfigurer.java:153)
	at org.springframework.context.support.PropertySourcesPlaceholderConfigurer$1.getProperty(PropertySourcesPlaceholderConfigurer.java:149)
	at org.springframework.core.env.PropertySourcesPropertyResolver.getProperty(PropertySourcesPropertyResolver.java:85)
	at org.springframework.core.env.PropertySourcesPropertyResolver.getPropertyAsRawString(PropertySourcesPropertyResolver.java:74)
	at org.springframework.util.PropertyPlaceholderHelper.parseStringValue(PropertyPlaceholderHelper.java:153)
	at org.springframework.util.PropertyPlaceholderHelper.replacePlaceholders(PropertyPlaceholderHelper.java:126)
	at org.springframework.core.env.AbstractPropertyResolver.doResolvePlaceholders(AbstractPropertyResolver.java:239)
	at org.springframework.core.env.AbstractPropertyResolver.resolveRequiredPlaceholders(AbstractPropertyResolver.java:210)
	at org.springframework.context.support.PropertySourcesPlaceholderConfigurer.lambda$processProperties$0(PropertySourcesPlaceholderConfigurer.java:191)
	at org.springframework.beans.factory.support.AbstractBeanFactory.resolveEmbeddedValue(AbstractBeanFactory.java:936)
	at org.springframework.beans.factory.support.DefaultListableBeanFactory.doResolveDependency(DefaultListableBeanFactory.java:1332)
	at org.springframework.beans.factory.support.DefaultListableBeanFactory.resolveDependency(DefaultListableBeanFactory.java:1311)
	at org.springframework.beans.factory.annotation.AutowiredAnnotationBeanPostProcessor$AutowiredFieldElement.resolveFieldValue(AutowiredAnnotationBeanPostProcessor.java:659)
	at org.springframework.beans.factory.annotation.AutowiredAnnotationBeanPostProcessor$AutowiredFieldElement.inject(AutowiredAnnotationBeanPostProcessor.java:642)
	at org.springframework.beans.factory.annotation.InjectionMetadata.inject(InjectionMetadata.java:119)
	at org.springframework.beans.factory.annotation.AutowiredAnnotationBeanPostProcessor.postProcessProperties(AutowiredAnnotationBeanPostProcessor.java:399)
	... 17 common frames omitted
2023-08-21 15:44:27,823 INFO org.springframework.boot.StartupInfoLogger [main] Starting Application using Java 19 on DESKTOP-SLCHRS1 with PID 22984 (C:\Users\Emiliano Quircio\Documents\GitHub\ConfigServer\target\classes started by Emiliano Quircio in C:\Users\Emiliano Quircio\Documents\GitHub\ConfigServer)
2023-08-21 15:44:27,827 DEBUG org.springframework.boot.StartupInfoLogger [main] Running with Spring Boot v2.7.14, Spring v5.3.29
2023-08-21 15:44:27,828 INFO org.springframework.boot.SpringApplication [main] The following 1 profile is active: "github"
2023-08-21 15:44:31,019 WARN org.springframework.context.support.AbstractApplicationContext [main] Exception encountered during context initialization - cancelling refresh attempt: org.springframework.beans.factory.BeanCreationException: Error creating bean with name 'customWebSecurityConfigurerAdapter': Injection of autowired dependencies failed; nested exception is java.lang.IllegalArgumentException: Could not resolve placeholder 'uspsw' in value "${uspsw}"
2023-08-21 15:44:31,101 ERROR org.springframework.boot.SpringApplication [main] Application run failed
org.springframework.beans.factory.BeanCreationException: Error creating bean with name 'customWebSecurityConfigurerAdapter': Injection of autowired dependencies failed; nested exception is java.lang.IllegalArgumentException: Could not resolve placeholder 'uspsw' in value "${uspsw}"
	at org.springframework.beans.factory.annotation.AutowiredAnnotationBeanPostProcessor.postProcessProperties(AutowiredAnnotationBeanPostProcessor.java:405)
	at org.springframework.beans.factory.support.AbstractAutowireCapableBeanFactory.populateBean(AbstractAutowireCapableBeanFactory.java:1431)
	at org.springframework.beans.factory.support.AbstractAutowireCapableBeanFactory.doCreateBean(AbstractAutowireCapableBeanFactory.java:619)
	at org.springframework.beans.factory.support.AbstractAutowireCapableBeanFactory.createBean(AbstractAutowireCapableBeanFactory.java:542)
	at org.springframework.beans.factory.support.AbstractBeanFactory.lambda$doGetBean$0(AbstractBeanFactory.java:335)
	at org.springframework.beans.factory.support.DefaultSingletonBeanRegistry.getSingleton(DefaultSingletonBeanRegistry.java:234)
	at org.springframework.beans.factory.support.AbstractBeanFactory.doGetBean(AbstractBeanFactory.java:333)
	at org.springframework.beans.factory.support.AbstractBeanFactory.getBean(AbstractBeanFactory.java:208)
	at org.springframework.beans.factory.support.DefaultListableBeanFactory.preInstantiateSingletons(DefaultListableBeanFactory.java:955)
	at org.springframework.context.support.AbstractApplicationContext.finishBeanFactoryInitialization(AbstractApplicationContext.java:921)
	at org.springframework.context.support.AbstractApplicationContext.refresh(AbstractApplicationContext.java:583)
	at org.springframework.boot.web.servlet.context.ServletWebServerApplicationContext.refresh(ServletWebServerApplicationContext.java:147)
	at org.springframework.boot.SpringApplication.refresh(SpringApplication.java:731)
	at org.springframework.boot.SpringApplication.refreshContext(SpringApplication.java:408)
	at org.springframework.boot.SpringApplication.run(SpringApplication.java:307)
	at org.springframework.boot.SpringApplication.run(SpringApplication.java:1303)
	at org.springframework.boot.SpringApplication.run(SpringApplication.java:1292)
	at com.api.configserver.Application.main(Application.java:12)
Caused by: java.lang.IllegalArgumentException: Could not resolve placeholder 'uspsw' in value "${uspsw}"
	at org.springframework.util.PropertyPlaceholderHelper.parseStringValue(PropertyPlaceholderHelper.java:180)
	at org.springframework.util.PropertyPlaceholderHelper.replacePlaceholders(PropertyPlaceholderHelper.java:126)
	at org.springframework.core.env.AbstractPropertyResolver.doResolvePlaceholders(AbstractPropertyResolver.java:239)
	at org.springframework.core.env.AbstractPropertyResolver.resolveRequiredPlaceholders(AbstractPropertyResolver.java:210)
	at org.springframework.core.env.AbstractPropertyResolver.resolveNestedPlaceholders(AbstractPropertyResolver.java:230)
	at org.springframework.boot.context.properties.source.ConfigurationPropertySourcesPropertyResolver.getProperty(ConfigurationPropertySourcesPropertyResolver.java:79)
	at org.springframework.boot.context.properties.source.ConfigurationPropertySourcesPropertyResolver.getProperty(ConfigurationPropertySourcesPropertyResolver.java:60)
	at org.springframework.core.env.AbstractEnvironment.getProperty(AbstractEnvironment.java:594)
	at org.springframework.context.support.PropertySourcesPlaceholderConfigurer$1.getProperty(PropertySourcesPlaceholderConfigurer.java:153)
	at org.springframework.context.support.PropertySourcesPlaceholderConfigurer$1.getProperty(PropertySourcesPlaceholderConfigurer.java:149)
	at org.springframework.core.env.PropertySourcesPropertyResolver.getProperty(PropertySourcesPropertyResolver.java:85)
	at org.springframework.core.env.PropertySourcesPropertyResolver.getPropertyAsRawString(PropertySourcesPropertyResolver.java:74)
	at org.springframework.util.PropertyPlaceholderHelper.parseStringValue(PropertyPlaceholderHelper.java:153)
	at org.springframework.util.PropertyPlaceholderHelper.replacePlaceholders(PropertyPlaceholderHelper.java:126)
	at org.springframework.core.env.AbstractPropertyResolver.doResolvePlaceholders(AbstractPropertyResolver.java:239)
	at org.springframework.core.env.AbstractPropertyResolver.resolveRequiredPlaceholders(AbstractPropertyResolver.java:210)
	at org.springframework.context.support.PropertySourcesPlaceholderConfigurer.lambda$processProperties$0(PropertySourcesPlaceholderConfigurer.java:191)
	at org.springframework.beans.factory.support.AbstractBeanFactory.resolveEmbeddedValue(AbstractBeanFactory.java:936)
	at org.springframework.beans.factory.support.DefaultListableBeanFactory.doResolveDependency(DefaultListableBeanFactory.java:1332)
	at org.springframework.beans.factory.support.DefaultListableBeanFactory.resolveDependency(DefaultListableBeanFactory.java:1311)
	at org.springframework.beans.factory.annotation.AutowiredAnnotationBeanPostProcessor$AutowiredFieldElement.resolveFieldValue(AutowiredAnnotationBeanPostProcessor.java:659)
	at org.springframework.beans.factory.annotation.AutowiredAnnotationBeanPostProcessor$AutowiredFieldElement.inject(AutowiredAnnotationBeanPostProcessor.java:642)
	at org.springframework.beans.factory.annotation.InjectionMetadata.inject(InjectionMetadata.java:119)
	at org.springframework.beans.factory.annotation.AutowiredAnnotationBeanPostProcessor.postProcessProperties(AutowiredAnnotationBeanPostProcessor.java:399)
	... 17 common frames omitted
2023-08-21 15:47:50,595 INFO org.springframework.boot.StartupInfoLogger [main] Starting Application using Java 19 on DESKTOP-SLCHRS1 with PID 6720 (C:\Users\Emiliano Quircio\Documents\GitHub\ConfigServer\target\classes started by Emiliano Quircio in C:\Users\Emiliano Quircio\Documents\GitHub\ConfigServer)
2023-08-21 15:47:50,598 DEBUG org.springframework.boot.StartupInfoLogger [main] Running with Spring Boot v2.7.14, Spring v5.3.29
2023-08-21 15:47:50,599 INFO org.springframework.boot.SpringApplication [main] The following 1 profile is active: "github"
2023-08-21 15:47:58,436 INFO org.springframework.boot.StartupInfoLogger [main] Started Application in 9.05 seconds (JVM running for 9.715)
2023-08-21 15:47:58,620 INFO com.api.configserver.ApplicationRunner [main] Start CommandLineRunner...
2023-08-21 15:47:58,621 INFO com.api.configserver.ApplicationRunner [main] Powered by Emiliano Quircio in xx/xx/2022!
2023-08-21 15:47:58,624 INFO com.api.configserver.ApplicationRunner [main] ...fine!
2023-08-21 15:48:19,398 WARN org.springframework.cloud.config.server.support.AbstractScmAccessor$1 [Thread-2] Failed to delete temporary directory on exit: java.nio.file.AccessDeniedException: C:\Users\EMILIA~1\AppData\Local\Temp\config-repo-6473407325786830593\.git\objects\pack\pack-574b0b55e376ec4c46720ea9b2b34192237572f0.idx
2023-08-21 15:48:24,842 INFO org.springframework.boot.StartupInfoLogger [main] Starting Application using Java 19 on DESKTOP-SLCHRS1 with PID 2072 (C:\Users\Emiliano Quircio\Documents\GitHub\ConfigServer\target\classes started by Emiliano Quircio in C:\Users\Emiliano Quircio\Documents\GitHub\ConfigServer)
2023-08-21 15:48:24,846 DEBUG org.springframework.boot.StartupInfoLogger [main] Running with Spring Boot v2.7.14, Spring v5.3.29
2023-08-21 15:48:24,848 INFO org.springframework.boot.SpringApplication [main] The following 1 profile is active: "github"
2023-08-21 15:48:27,906 WARN org.springframework.context.support.AbstractApplicationContext [main] Exception encountered during context initialization - cancelling refresh attempt: org.springframework.beans.factory.BeanCreationException: Error creating bean with name 'customWebSecurityConfigurerAdapter': Injection of autowired dependencies failed; nested exception is java.lang.IllegalArgumentException: Could not resolve placeholder 'uspsw' in value "${uspsw}"
2023-08-21 15:48:27,982 ERROR org.springframework.boot.SpringApplication [main] Application run failed
org.springframework.beans.factory.BeanCreationException: Error creating bean with name 'customWebSecurityConfigurerAdapter': Injection of autowired dependencies failed; nested exception is java.lang.IllegalArgumentException: Could not resolve placeholder 'uspsw' in value "${uspsw}"
	at org.springframework.beans.factory.annotation.AutowiredAnnotationBeanPostProcessor.postProcessProperties(AutowiredAnnotationBeanPostProcessor.java:405)
	at org.springframework.beans.factory.support.AbstractAutowireCapableBeanFactory.populateBean(AbstractAutowireCapableBeanFactory.java:1431)
	at org.springframework.beans.factory.support.AbstractAutowireCapableBeanFactory.doCreateBean(AbstractAutowireCapableBeanFactory.java:619)
	at org.springframework.beans.factory.support.AbstractAutowireCapableBeanFactory.createBean(AbstractAutowireCapableBeanFactory.java:542)
	at org.springframework.beans.factory.support.AbstractBeanFactory.lambda$doGetBean$0(AbstractBeanFactory.java:335)
	at org.springframework.beans.factory.support.DefaultSingletonBeanRegistry.getSingleton(DefaultSingletonBeanRegistry.java:234)
	at org.springframework.beans.factory.support.AbstractBeanFactory.doGetBean(AbstractBeanFactory.java:333)
	at org.springframework.beans.factory.support.AbstractBeanFactory.getBean(AbstractBeanFactory.java:208)
	at org.springframework.beans.factory.support.DefaultListableBeanFactory.preInstantiateSingletons(DefaultListableBeanFactory.java:955)
	at org.springframework.context.support.AbstractApplicationContext.finishBeanFactoryInitialization(AbstractApplicationContext.java:921)
	at org.springframework.context.support.AbstractApplicationContext.refresh(AbstractApplicationContext.java:583)
	at org.springframework.boot.web.servlet.context.ServletWebServerApplicationContext.refresh(ServletWebServerApplicationContext.java:147)
	at org.springframework.boot.SpringApplication.refresh(SpringApplication.java:731)
	at org.springframework.boot.SpringApplication.refreshContext(SpringApplication.java:408)
	at org.springframework.boot.SpringApplication.run(SpringApplication.java:307)
	at org.springframework.boot.SpringApplication.run(SpringApplication.java:1303)
	at org.springframework.boot.SpringApplication.run(SpringApplication.java:1292)
	at com.api.configserver.Application.main(Application.java:12)
Caused by: java.lang.IllegalArgumentException: Could not resolve placeholder 'uspsw' in value "${uspsw}"
	at org.springframework.util.PropertyPlaceholderHelper.parseStringValue(PropertyPlaceholderHelper.java:180)
	at org.springframework.util.PropertyPlaceholderHelper.replacePlaceholders(PropertyPlaceholderHelper.java:126)
	at org.springframework.core.env.AbstractPropertyResolver.doResolvePlaceholders(AbstractPropertyResolver.java:239)
	at org.springframework.core.env.AbstractPropertyResolver.resolveRequiredPlaceholders(AbstractPropertyResolver.java:210)
	at org.springframework.core.env.AbstractPropertyResolver.resolveNestedPlaceholders(AbstractPropertyResolver.java:230)
	at org.springframework.boot.context.properties.source.ConfigurationPropertySourcesPropertyResolver.getProperty(ConfigurationPropertySourcesPropertyResolver.java:79)
	at org.springframework.boot.context.properties.source.ConfigurationPropertySourcesPropertyResolver.getProperty(ConfigurationPropertySourcesPropertyResolver.java:60)
	at org.springframework.core.env.AbstractEnvironment.getProperty(AbstractEnvironment.java:594)
	at org.springframework.context.support.PropertySourcesPlaceholderConfigurer$1.getProperty(PropertySourcesPlaceholderConfigurer.java:153)
	at org.springframework.context.support.PropertySourcesPlaceholderConfigurer$1.getProperty(PropertySourcesPlaceholderConfigurer.java:149)
	at org.springframework.core.env.PropertySourcesPropertyResolver.getProperty(PropertySourcesPropertyResolver.java:85)
	at org.springframework.core.env.PropertySourcesPropertyResolver.getPropertyAsRawString(PropertySourcesPropertyResolver.java:74)
	at org.springframework.util.PropertyPlaceholderHelper.parseStringValue(PropertyPlaceholderHelper.java:153)
	at org.springframework.util.PropertyPlaceholderHelper.replacePlaceholders(PropertyPlaceholderHelper.java:126)
	at org.springframework.core.env.AbstractPropertyResolver.doResolvePlaceholders(AbstractPropertyResolver.java:239)
	at org.springframework.core.env.AbstractPropertyResolver.resolveRequiredPlaceholders(AbstractPropertyResolver.java:210)
	at org.springframework.context.support.PropertySourcesPlaceholderConfigurer.lambda$processProperties$0(PropertySourcesPlaceholderConfigurer.java:191)
	at org.springframework.beans.factory.support.AbstractBeanFactory.resolveEmbeddedValue(AbstractBeanFactory.java:936)
	at org.springframework.beans.factory.support.DefaultListableBeanFactory.doResolveDependency(DefaultListableBeanFactory.java:1332)
	at org.springframework.beans.factory.support.DefaultListableBeanFactory.resolveDependency(DefaultListableBeanFactory.java:1311)
	at org.springframework.beans.factory.annotation.AutowiredAnnotationBeanPostProcessor$AutowiredFieldElement.resolveFieldValue(AutowiredAnnotationBeanPostProcessor.java:659)
	at org.springframework.beans.factory.annotation.AutowiredAnnotationBeanPostProcessor$AutowiredFieldElement.inject(AutowiredAnnotationBeanPostProcessor.java:642)
	at org.springframework.beans.factory.annotation.InjectionMetadata.inject(InjectionMetadata.java:119)
	at org.springframework.beans.factory.annotation.AutowiredAnnotationBeanPostProcessor.postProcessProperties(AutowiredAnnotationBeanPostProcessor.java:399)
	... 17 common frames omitted
2023-08-21 15:49:00,907 INFO org.springframework.boot.StartupInfoLogger [main] Starting Application using Java 19 on DESKTOP-SLCHRS1 with PID 20148 (C:\Users\Emiliano Quircio\Documents\GitHub\ConfigServer\target\classes started by Emiliano Quircio in C:\Users\Emiliano Quircio\Documents\GitHub\ConfigServer)
2023-08-21 15:49:00,912 DEBUG org.springframework.boot.StartupInfoLogger [main] Running with Spring Boot v2.7.14, Spring v5.3.29
2023-08-21 15:49:00,913 INFO org.springframework.boot.SpringApplication [main] The following 1 profile is active: "github"
2023-08-21 15:49:04,245 WARN org.springframework.context.support.AbstractApplicationContext [main] Exception encountered during context initialization - cancelling refresh attempt: org.springframework.beans.factory.BeanCreationException: Error creating bean with name 'customWebSecurityConfigurerAdapter': Injection of autowired dependencies failed; nested exception is java.lang.IllegalArgumentException: Could not resolve placeholder 'uspsw' in value "${uspsw}"
2023-08-21 15:49:04,343 ERROR org.springframework.boot.SpringApplication [main] Application run failed
org.springframework.beans.factory.BeanCreationException: Error creating bean with name 'customWebSecurityConfigurerAdapter': Injection of autowired dependencies failed; nested exception is java.lang.IllegalArgumentException: Could not resolve placeholder 'uspsw' in value "${uspsw}"
	at org.springframework.beans.factory.annotation.AutowiredAnnotationBeanPostProcessor.postProcessProperties(AutowiredAnnotationBeanPostProcessor.java:405)
	at org.springframework.beans.factory.support.AbstractAutowireCapableBeanFactory.populateBean(AbstractAutowireCapableBeanFactory.java:1431)
	at org.springframework.beans.factory.support.AbstractAutowireCapableBeanFactory.doCreateBean(AbstractAutowireCapableBeanFactory.java:619)
	at org.springframework.beans.factory.support.AbstractAutowireCapableBeanFactory.createBean(AbstractAutowireCapableBeanFactory.java:542)
	at org.springframework.beans.factory.support.AbstractBeanFactory.lambda$doGetBean$0(AbstractBeanFactory.java:335)
	at org.springframework.beans.factory.support.DefaultSingletonBeanRegistry.getSingleton(DefaultSingletonBeanRegistry.java:234)
	at org.springframework.beans.factory.support.AbstractBeanFactory.doGetBean(AbstractBeanFactory.java:333)
	at org.springframework.beans.factory.support.AbstractBeanFactory.getBean(AbstractBeanFactory.java:208)
	at org.springframework.beans.factory.support.DefaultListableBeanFactory.preInstantiateSingletons(DefaultListableBeanFactory.java:955)
	at org.springframework.context.support.AbstractApplicationContext.finishBeanFactoryInitialization(AbstractApplicationContext.java:921)
	at org.springframework.context.support.AbstractApplicationContext.refresh(AbstractApplicationContext.java:583)
	at org.springframework.boot.web.servlet.context.ServletWebServerApplicationContext.refresh(ServletWebServerApplicationContext.java:147)
	at org.springframework.boot.SpringApplication.refresh(SpringApplication.java:731)
	at org.springframework.boot.SpringApplication.refreshContext(SpringApplication.java:408)
	at org.springframework.boot.SpringApplication.run(SpringApplication.java:307)
	at org.springframework.boot.SpringApplication.run(SpringApplication.java:1303)
	at org.springframework.boot.SpringApplication.run(SpringApplication.java:1292)
	at com.api.configserver.Application.main(Application.java:12)
Caused by: java.lang.IllegalArgumentException: Could not resolve placeholder 'uspsw' in value "${uspsw}"
	at org.springframework.util.PropertyPlaceholderHelper.parseStringValue(PropertyPlaceholderHelper.java:180)
	at org.springframework.util.PropertyPlaceholderHelper.replacePlaceholders(PropertyPlaceholderHelper.java:126)
	at org.springframework.core.env.AbstractPropertyResolver.doResolvePlaceholders(AbstractPropertyResolver.java:239)
	at org.springframework.core.env.AbstractPropertyResolver.resolveRequiredPlaceholders(AbstractPropertyResolver.java:210)
	at org.springframework.core.env.AbstractPropertyResolver.resolveNestedPlaceholders(AbstractPropertyResolver.java:230)
	at org.springframework.boot.context.properties.source.ConfigurationPropertySourcesPropertyResolver.getProperty(ConfigurationPropertySourcesPropertyResolver.java:79)
	at org.springframework.boot.context.properties.source.ConfigurationPropertySourcesPropertyResolver.getProperty(ConfigurationPropertySourcesPropertyResolver.java:60)
	at org.springframework.core.env.AbstractEnvironment.getProperty(AbstractEnvironment.java:594)
	at org.springframework.context.support.PropertySourcesPlaceholderConfigurer$1.getProperty(PropertySourcesPlaceholderConfigurer.java:153)
	at org.springframework.context.support.PropertySourcesPlaceholderConfigurer$1.getProperty(PropertySourcesPlaceholderConfigurer.java:149)
	at org.springframework.core.env.PropertySourcesPropertyResolver.getProperty(PropertySourcesPropertyResolver.java:85)
	at org.springframework.core.env.PropertySourcesPropertyResolver.getPropertyAsRawString(PropertySourcesPropertyResolver.java:74)
	at org.springframework.util.PropertyPlaceholderHelper.parseStringValue(PropertyPlaceholderHelper.java:153)
	at org.springframework.util.PropertyPlaceholderHelper.replacePlaceholders(PropertyPlaceholderHelper.java:126)
	at org.springframework.core.env.AbstractPropertyResolver.doResolvePlaceholders(AbstractPropertyResolver.java:239)
	at org.springframework.core.env.AbstractPropertyResolver.resolveRequiredPlaceholders(AbstractPropertyResolver.java:210)
	at org.springframework.context.support.PropertySourcesPlaceholderConfigurer.lambda$processProperties$0(PropertySourcesPlaceholderConfigurer.java:191)
	at org.springframework.beans.factory.support.AbstractBeanFactory.resolveEmbeddedValue(AbstractBeanFactory.java:936)
	at org.springframework.beans.factory.support.DefaultListableBeanFactory.doResolveDependency(DefaultListableBeanFactory.java:1332)
	at org.springframework.beans.factory.support.DefaultListableBeanFactory.resolveDependency(DefaultListableBeanFactory.java:1311)
	at org.springframework.beans.factory.annotation.AutowiredAnnotationBeanPostProcessor$AutowiredFieldElement.resolveFieldValue(AutowiredAnnotationBeanPostProcessor.java:659)
	at org.springframework.beans.factory.annotation.AutowiredAnnotationBeanPostProcessor$AutowiredFieldElement.inject(AutowiredAnnotationBeanPostProcessor.java:642)
	at org.springframework.beans.factory.annotation.InjectionMetadata.inject(InjectionMetadata.java:119)
	at org.springframework.beans.factory.annotation.AutowiredAnnotationBeanPostProcessor.postProcessProperties(AutowiredAnnotationBeanPostProcessor.java:399)
	... 17 common frames omitted
2023-08-21 15:50:40,550 INFO org.springframework.boot.StartupInfoLogger [main] Starting Application using Java 19 on DESKTOP-SLCHRS1 with PID 15592 (C:\Users\Emiliano Quircio\Documents\GitHub\ConfigServer\target\classes started by Emiliano Quircio in C:\Users\Emiliano Quircio\Documents\GitHub\ConfigServer)
2023-08-21 15:50:40,554 DEBUG org.springframework.boot.StartupInfoLogger [main] Running with Spring Boot v2.7.14, Spring v5.3.29
2023-08-21 15:50:40,554 INFO org.springframework.boot.SpringApplication [main] The following 1 profile is active: "github"
2023-08-21 15:50:43,579 WARN org.springframework.context.support.AbstractApplicationContext [main] Exception encountered during context initialization - cancelling refresh attempt: org.springframework.beans.factory.BeanCreationException: Error creating bean with name 'customWebSecurityConfigurerAdapter': Injection of autowired dependencies failed; nested exception is java.lang.IllegalArgumentException: Could not resolve placeholder 'uspsw' in value "${uspsw}"
2023-08-21 15:50:43,663 ERROR org.springframework.boot.SpringApplication [main] Application run failed
org.springframework.beans.factory.BeanCreationException: Error creating bean with name 'customWebSecurityConfigurerAdapter': Injection of autowired dependencies failed; nested exception is java.lang.IllegalArgumentException: Could not resolve placeholder 'uspsw' in value "${uspsw}"
	at org.springframework.beans.factory.annotation.AutowiredAnnotationBeanPostProcessor.postProcessProperties(AutowiredAnnotationBeanPostProcessor.java:405)
	at org.springframework.beans.factory.support.AbstractAutowireCapableBeanFactory.populateBean(AbstractAutowireCapableBeanFactory.java:1431)
	at org.springframework.beans.factory.support.AbstractAutowireCapableBeanFactory.doCreateBean(AbstractAutowireCapableBeanFactory.java:619)
	at org.springframework.beans.factory.support.AbstractAutowireCapableBeanFactory.createBean(AbstractAutowireCapableBeanFactory.java:542)
	at org.springframework.beans.factory.support.AbstractBeanFactory.lambda$doGetBean$0(AbstractBeanFactory.java:335)
	at org.springframework.beans.factory.support.DefaultSingletonBeanRegistry.getSingleton(DefaultSingletonBeanRegistry.java:234)
	at org.springframework.beans.factory.support.AbstractBeanFactory.doGetBean(AbstractBeanFactory.java:333)
	at org.springframework.beans.factory.support.AbstractBeanFactory.getBean(AbstractBeanFactory.java:208)
	at org.springframework.beans.factory.support.DefaultListableBeanFactory.preInstantiateSingletons(DefaultListableBeanFactory.java:955)
	at org.springframework.context.support.AbstractApplicationContext.finishBeanFactoryInitialization(AbstractApplicationContext.java:921)
	at org.springframework.context.support.AbstractApplicationContext.refresh(AbstractApplicationContext.java:583)
	at org.springframework.boot.web.servlet.context.ServletWebServerApplicationContext.refresh(ServletWebServerApplicationContext.java:147)
	at org.springframework.boot.SpringApplication.refresh(SpringApplication.java:731)
	at org.springframework.boot.SpringApplication.refreshContext(SpringApplication.java:408)
	at org.springframework.boot.SpringApplication.run(SpringApplication.java:307)
	at org.springframework.boot.SpringApplication.run(SpringApplication.java:1303)
	at org.springframework.boot.SpringApplication.run(SpringApplication.java:1292)
	at com.api.configserver.Application.main(Application.java:12)
Caused by: java.lang.IllegalArgumentException: Could not resolve placeholder 'uspsw' in value "${uspsw}"
	at org.springframework.util.PropertyPlaceholderHelper.parseStringValue(PropertyPlaceholderHelper.java:180)
	at org.springframework.util.PropertyPlaceholderHelper.replacePlaceholders(PropertyPlaceholderHelper.java:126)
	at org.springframework.core.env.AbstractPropertyResolver.doResolvePlaceholders(AbstractPropertyResolver.java:239)
	at org.springframework.core.env.AbstractPropertyResolver.resolveRequiredPlaceholders(AbstractPropertyResolver.java:210)
	at org.springframework.core.env.AbstractPropertyResolver.resolveNestedPlaceholders(AbstractPropertyResolver.java:230)
	at org.springframework.boot.context.properties.source.ConfigurationPropertySourcesPropertyResolver.getProperty(ConfigurationPropertySourcesPropertyResolver.java:79)
	at org.springframework.boot.context.properties.source.ConfigurationPropertySourcesPropertyResolver.getProperty(ConfigurationPropertySourcesPropertyResolver.java:60)
	at org.springframework.core.env.AbstractEnvironment.getProperty(AbstractEnvironment.java:594)
	at org.springframework.context.support.PropertySourcesPlaceholderConfigurer$1.getProperty(PropertySourcesPlaceholderConfigurer.java:153)
	at org.springframework.context.support.PropertySourcesPlaceholderConfigurer$1.getProperty(PropertySourcesPlaceholderConfigurer.java:149)
	at org.springframework.core.env.PropertySourcesPropertyResolver.getProperty(PropertySourcesPropertyResolver.java:85)
	at org.springframework.core.env.PropertySourcesPropertyResolver.getPropertyAsRawString(PropertySourcesPropertyResolver.java:74)
	at org.springframework.util.PropertyPlaceholderHelper.parseStringValue(PropertyPlaceholderHelper.java:153)
	at org.springframework.util.PropertyPlaceholderHelper.replacePlaceholders(PropertyPlaceholderHelper.java:126)
	at org.springframework.core.env.AbstractPropertyResolver.doResolvePlaceholders(AbstractPropertyResolver.java:239)
	at org.springframework.core.env.AbstractPropertyResolver.resolveRequiredPlaceholders(AbstractPropertyResolver.java:210)
	at org.springframework.context.support.PropertySourcesPlaceholderConfigurer.lambda$processProperties$0(PropertySourcesPlaceholderConfigurer.java:191)
	at org.springframework.beans.factory.support.AbstractBeanFactory.resolveEmbeddedValue(AbstractBeanFactory.java:936)
	at org.springframework.beans.factory.support.DefaultListableBeanFactory.doResolveDependency(DefaultListableBeanFactory.java:1332)
	at org.springframework.beans.factory.support.DefaultListableBeanFactory.resolveDependency(DefaultListableBeanFactory.java:1311)
	at org.springframework.beans.factory.annotation.AutowiredAnnotationBeanPostProcessor$AutowiredFieldElement.resolveFieldValue(AutowiredAnnotationBeanPostProcessor.java:659)
	at org.springframework.beans.factory.annotation.AutowiredAnnotationBeanPostProcessor$AutowiredFieldElement.inject(AutowiredAnnotationBeanPostProcessor.java:642)
	at org.springframework.beans.factory.annotation.InjectionMetadata.inject(InjectionMetadata.java:119)
	at org.springframework.beans.factory.annotation.AutowiredAnnotationBeanPostProcessor.postProcessProperties(AutowiredAnnotationBeanPostProcessor.java:399)
	... 17 common frames omitted
2023-08-21 15:51:14,800 INFO org.springframework.boot.StartupInfoLogger [main] Starting Application using Java 19 on DESKTOP-SLCHRS1 with PID 4236 (C:\Users\Emiliano Quircio\Documents\GitHub\ConfigServer\target\classes started by Emiliano Quircio in C:\Users\Emiliano Quircio\Documents\GitHub\ConfigServer)
2023-08-21 15:51:14,806 DEBUG org.springframework.boot.StartupInfoLogger [main] Running with Spring Boot v2.7.14, Spring v5.3.29
2023-08-21 15:51:14,807 INFO org.springframework.boot.SpringApplication [main] The following 1 profile is active: "github"
2023-08-21 15:51:17,843 WARN org.springframework.context.support.AbstractApplicationContext [main] Exception encountered during context initialization - cancelling refresh attempt: org.springframework.beans.factory.BeanCreationException: Error creating bean with name 'customWebSecurityConfigurerAdapter': Injection of autowired dependencies failed; nested exception is java.lang.IllegalArgumentException: Could not resolve placeholder 'uspsw' in value "${uspsw}"
2023-08-21 15:51:17,914 ERROR org.springframework.boot.SpringApplication [main] Application run failed
org.springframework.beans.factory.BeanCreationException: Error creating bean with name 'customWebSecurityConfigurerAdapter': Injection of autowired dependencies failed; nested exception is java.lang.IllegalArgumentException: Could not resolve placeholder 'uspsw' in value "${uspsw}"
	at org.springframework.beans.factory.annotation.AutowiredAnnotationBeanPostProcessor.postProcessProperties(AutowiredAnnotationBeanPostProcessor.java:405)
	at org.springframework.beans.factory.support.AbstractAutowireCapableBeanFactory.populateBean(AbstractAutowireCapableBeanFactory.java:1431)
	at org.springframework.beans.factory.support.AbstractAutowireCapableBeanFactory.doCreateBean(AbstractAutowireCapableBeanFactory.java:619)
	at org.springframework.beans.factory.support.AbstractAutowireCapableBeanFactory.createBean(AbstractAutowireCapableBeanFactory.java:542)
	at org.springframework.beans.factory.support.AbstractBeanFactory.lambda$doGetBean$0(AbstractBeanFactory.java:335)
	at org.springframework.beans.factory.support.DefaultSingletonBeanRegistry.getSingleton(DefaultSingletonBeanRegistry.java:234)
	at org.springframework.beans.factory.support.AbstractBeanFactory.doGetBean(AbstractBeanFactory.java:333)
	at org.springframework.beans.factory.support.AbstractBeanFactory.getBean(AbstractBeanFactory.java:208)
	at org.springframework.beans.factory.support.DefaultListableBeanFactory.preInstantiateSingletons(DefaultListableBeanFactory.java:955)
	at org.springframework.context.support.AbstractApplicationContext.finishBeanFactoryInitialization(AbstractApplicationContext.java:921)
	at org.springframework.context.support.AbstractApplicationContext.refresh(AbstractApplicationContext.java:583)
	at org.springframework.boot.web.servlet.context.ServletWebServerApplicationContext.refresh(ServletWebServerApplicationContext.java:147)
	at org.springframework.boot.SpringApplication.refresh(SpringApplication.java:731)
	at org.springframework.boot.SpringApplication.refreshContext(SpringApplication.java:408)
	at org.springframework.boot.SpringApplication.run(SpringApplication.java:307)
	at org.springframework.boot.SpringApplication.run(SpringApplication.java:1303)
	at org.springframework.boot.SpringApplication.run(SpringApplication.java:1292)
	at com.api.configserver.Application.main(Application.java:12)
Caused by: java.lang.IllegalArgumentException: Could not resolve placeholder 'uspsw' in value "${uspsw}"
	at org.springframework.util.PropertyPlaceholderHelper.parseStringValue(PropertyPlaceholderHelper.java:180)
	at org.springframework.util.PropertyPlaceholderHelper.replacePlaceholders(PropertyPlaceholderHelper.java:126)
	at org.springframework.core.env.AbstractPropertyResolver.doResolvePlaceholders(AbstractPropertyResolver.java:239)
	at org.springframework.core.env.AbstractPropertyResolver.resolveRequiredPlaceholders(AbstractPropertyResolver.java:210)
	at org.springframework.core.env.AbstractPropertyResolver.resolveNestedPlaceholders(AbstractPropertyResolver.java:230)
	at org.springframework.boot.context.properties.source.ConfigurationPropertySourcesPropertyResolver.getProperty(ConfigurationPropertySourcesPropertyResolver.java:79)
	at org.springframework.boot.context.properties.source.ConfigurationPropertySourcesPropertyResolver.getProperty(ConfigurationPropertySourcesPropertyResolver.java:60)
	at org.springframework.core.env.AbstractEnvironment.getProperty(AbstractEnvironment.java:594)
	at org.springframework.context.support.PropertySourcesPlaceholderConfigurer$1.getProperty(PropertySourcesPlaceholderConfigurer.java:153)
	at org.springframework.context.support.PropertySourcesPlaceholderConfigurer$1.getProperty(PropertySourcesPlaceholderConfigurer.java:149)
	at org.springframework.core.env.PropertySourcesPropertyResolver.getProperty(PropertySourcesPropertyResolver.java:85)
	at org.springframework.core.env.PropertySourcesPropertyResolver.getPropertyAsRawString(PropertySourcesPropertyResolver.java:74)
	at org.springframework.util.PropertyPlaceholderHelper.parseStringValue(PropertyPlaceholderHelper.java:153)
	at org.springframework.util.PropertyPlaceholderHelper.replacePlaceholders(PropertyPlaceholderHelper.java:126)
	at org.springframework.core.env.AbstractPropertyResolver.doResolvePlaceholders(AbstractPropertyResolver.java:239)
	at org.springframework.core.env.AbstractPropertyResolver.resolveRequiredPlaceholders(AbstractPropertyResolver.java:210)
	at org.springframework.context.support.PropertySourcesPlaceholderConfigurer.lambda$processProperties$0(PropertySourcesPlaceholderConfigurer.java:191)
	at org.springframework.beans.factory.support.AbstractBeanFactory.resolveEmbeddedValue(AbstractBeanFactory.java:936)
	at org.springframework.beans.factory.support.DefaultListableBeanFactory.doResolveDependency(DefaultListableBeanFactory.java:1332)
	at org.springframework.beans.factory.support.DefaultListableBeanFactory.resolveDependency(DefaultListableBeanFactory.java:1311)
	at org.springframework.beans.factory.annotation.AutowiredAnnotationBeanPostProcessor$AutowiredFieldElement.resolveFieldValue(AutowiredAnnotationBeanPostProcessor.java:659)
	at org.springframework.beans.factory.annotation.AutowiredAnnotationBeanPostProcessor$AutowiredFieldElement.inject(AutowiredAnnotationBeanPostProcessor.java:642)
	at org.springframework.beans.factory.annotation.InjectionMetadata.inject(InjectionMetadata.java:119)
	at org.springframework.beans.factory.annotation.AutowiredAnnotationBeanPostProcessor.postProcessProperties(AutowiredAnnotationBeanPostProcessor.java:399)
	... 17 common frames omitted
2023-08-21 15:52:28,494 INFO org.springframework.boot.StartupInfoLogger [main] Starting Application using Java 19 on DESKTOP-SLCHRS1 with PID 14348 (C:\Users\Emiliano Quircio\Documents\GitHub\ConfigServer\target\classes started by Emiliano Quircio in C:\Users\Emiliano Quircio\Documents\GitHub\ConfigServer)
2023-08-21 15:52:28,498 DEBUG org.springframework.boot.StartupInfoLogger [main] Running with Spring Boot v2.7.14, Spring v5.3.29
2023-08-21 15:52:28,499 INFO org.springframework.boot.SpringApplication [main] The following 1 profile is active: "github"
2023-08-21 15:52:31,596 WARN org.springframework.context.support.AbstractApplicationContext [main] Exception encountered during context initialization - cancelling refresh attempt: org.springframework.beans.factory.BeanCreationException: Error creating bean with name 'customWebSecurityConfigurerAdapter': Injection of autowired dependencies failed; nested exception is java.lang.IllegalArgumentException: Could not resolve placeholder 'uspsw' in value "${uspsw}"
2023-08-21 15:52:31,674 ERROR org.springframework.boot.SpringApplication [main] Application run failed
org.springframework.beans.factory.BeanCreationException: Error creating bean with name 'customWebSecurityConfigurerAdapter': Injection of autowired dependencies failed; nested exception is java.lang.IllegalArgumentException: Could not resolve placeholder 'uspsw' in value "${uspsw}"
	at org.springframework.beans.factory.annotation.AutowiredAnnotationBeanPostProcessor.postProcessProperties(AutowiredAnnotationBeanPostProcessor.java:405)
	at org.springframework.beans.factory.support.AbstractAutowireCapableBeanFactory.populateBean(AbstractAutowireCapableBeanFactory.java:1431)
	at org.springframework.beans.factory.support.AbstractAutowireCapableBeanFactory.doCreateBean(AbstractAutowireCapableBeanFactory.java:619)
	at org.springframework.beans.factory.support.AbstractAutowireCapableBeanFactory.createBean(AbstractAutowireCapableBeanFactory.java:542)
	at org.springframework.beans.factory.support.AbstractBeanFactory.lambda$doGetBean$0(AbstractBeanFactory.java:335)
	at org.springframework.beans.factory.support.DefaultSingletonBeanRegistry.getSingleton(DefaultSingletonBeanRegistry.java:234)
	at org.springframework.beans.factory.support.AbstractBeanFactory.doGetBean(AbstractBeanFactory.java:333)
	at org.springframework.beans.factory.support.AbstractBeanFactory.getBean(AbstractBeanFactory.java:208)
	at org.springframework.beans.factory.support.DefaultListableBeanFactory.preInstantiateSingletons(DefaultListableBeanFactory.java:955)
	at org.springframework.context.support.AbstractApplicationContext.finishBeanFactoryInitialization(AbstractApplicationContext.java:921)
	at org.springframework.context.support.AbstractApplicationContext.refresh(AbstractApplicationContext.java:583)
	at org.springframework.boot.web.servlet.context.ServletWebServerApplicationContext.refresh(ServletWebServerApplicationContext.java:147)
	at org.springframework.boot.SpringApplication.refresh(SpringApplication.java:731)
	at org.springframework.boot.SpringApplication.refreshContext(SpringApplication.java:408)
	at org.springframework.boot.SpringApplication.run(SpringApplication.java:307)
	at org.springframework.boot.SpringApplication.run(SpringApplication.java:1303)
	at org.springframework.boot.SpringApplication.run(SpringApplication.java:1292)
	at com.api.configserver.Application.main(Application.java:12)
Caused by: java.lang.IllegalArgumentException: Could not resolve placeholder 'uspsw' in value "${uspsw}"
	at org.springframework.util.PropertyPlaceholderHelper.parseStringValue(PropertyPlaceholderHelper.java:180)
	at org.springframework.util.PropertyPlaceholderHelper.replacePlaceholders(PropertyPlaceholderHelper.java:126)
	at org.springframework.core.env.AbstractPropertyResolver.doResolvePlaceholders(AbstractPropertyResolver.java:239)
	at org.springframework.core.env.AbstractPropertyResolver.resolveRequiredPlaceholders(AbstractPropertyResolver.java:210)
	at org.springframework.core.env.AbstractPropertyResolver.resolveNestedPlaceholders(AbstractPropertyResolver.java:230)
	at org.springframework.boot.context.properties.source.ConfigurationPropertySourcesPropertyResolver.getProperty(ConfigurationPropertySourcesPropertyResolver.java:79)
	at org.springframework.boot.context.properties.source.ConfigurationPropertySourcesPropertyResolver.getProperty(ConfigurationPropertySourcesPropertyResolver.java:60)
	at org.springframework.core.env.AbstractEnvironment.getProperty(AbstractEnvironment.java:594)
	at org.springframework.context.support.PropertySourcesPlaceholderConfigurer$1.getProperty(PropertySourcesPlaceholderConfigurer.java:153)
	at org.springframework.context.support.PropertySourcesPlaceholderConfigurer$1.getProperty(PropertySourcesPlaceholderConfigurer.java:149)
	at org.springframework.core.env.PropertySourcesPropertyResolver.getProperty(PropertySourcesPropertyResolver.java:85)
	at org.springframework.core.env.PropertySourcesPropertyResolver.getPropertyAsRawString(PropertySourcesPropertyResolver.java:74)
	at org.springframework.util.PropertyPlaceholderHelper.parseStringValue(PropertyPlaceholderHelper.java:153)
	at org.springframework.util.PropertyPlaceholderHelper.replacePlaceholders(PropertyPlaceholderHelper.java:126)
	at org.springframework.core.env.AbstractPropertyResolver.doResolvePlaceholders(AbstractPropertyResolver.java:239)
	at org.springframework.core.env.AbstractPropertyResolver.resolveRequiredPlaceholders(AbstractPropertyResolver.java:210)
	at org.springframework.context.support.PropertySourcesPlaceholderConfigurer.lambda$processProperties$0(PropertySourcesPlaceholderConfigurer.java:191)
	at org.springframework.beans.factory.support.AbstractBeanFactory.resolveEmbeddedValue(AbstractBeanFactory.java:936)
	at org.springframework.beans.factory.support.DefaultListableBeanFactory.doResolveDependency(DefaultListableBeanFactory.java:1332)
	at org.springframework.beans.factory.support.DefaultListableBeanFactory.resolveDependency(DefaultListableBeanFactory.java:1311)
	at org.springframework.beans.factory.annotation.AutowiredAnnotationBeanPostProcessor$AutowiredFieldElement.resolveFieldValue(AutowiredAnnotationBeanPostProcessor.java:659)
	at org.springframework.beans.factory.annotation.AutowiredAnnotationBeanPostProcessor$AutowiredFieldElement.inject(AutowiredAnnotationBeanPostProcessor.java:642)
	at org.springframework.beans.factory.annotation.InjectionMetadata.inject(InjectionMetadata.java:119)
	at org.springframework.beans.factory.annotation.AutowiredAnnotationBeanPostProcessor.postProcessProperties(AutowiredAnnotationBeanPostProcessor.java:399)
	... 17 common frames omitted
2023-08-21 15:53:16,081 INFO org.springframework.boot.StartupInfoLogger [main] Starting Application using Java 19 on DESKTOP-SLCHRS1 with PID 22624 (C:\Users\Emiliano Quircio\Documents\GitHub\ConfigServer\target\classes started by Emiliano Quircio in C:\Users\Emiliano Quircio\Documents\GitHub\ConfigServer)
2023-08-21 15:53:16,085 DEBUG org.springframework.boot.StartupInfoLogger [main] Running with Spring Boot v2.7.14, Spring v5.3.29
2023-08-21 15:53:16,086 INFO org.springframework.boot.SpringApplication [main] The following 1 profile is active: "github"
2023-08-21 15:53:23,808 INFO org.springframework.boot.StartupInfoLogger [main] Started Application in 9.01 seconds (JVM running for 9.638)
2023-08-21 15:53:23,933 INFO com.api.configserver.ApplicationRunner [main] Start CommandLineRunner...
2023-08-21 15:53:23,933 INFO com.api.configserver.ApplicationRunner [main] Powered by Emiliano Quircio in xx/xx/2022!
2023-08-21 15:53:23,936 INFO com.api.configserver.ApplicationRunner [main] ...fine!
2023-08-21 15:55:56,838 WARN org.springframework.cloud.config.server.support.AbstractScmAccessor$1 [Thread-2] Failed to delete temporary directory on exit: java.nio.file.AccessDeniedException: C:\Users\EMILIA~1\AppData\Local\Temp\config-repo-4665537072815349972\.git\objects\pack\pack-574b0b55e376ec4c46720ea9b2b34192237572f0.idx
2023-08-21 15:56:05,441 INFO org.springframework.boot.StartupInfoLogger [main] Starting Application using Java 19 on DESKTOP-SLCHRS1 with PID 16324 (C:\Users\Emiliano Quircio\Documents\GitHub\ConfigServer\target\classes started by Emiliano Quircio in C:\Users\Emiliano Quircio\Documents\GitHub\ConfigServer)
2023-08-21 15:56:05,447 DEBUG org.springframework.boot.StartupInfoLogger [main] Running with Spring Boot v2.7.14, Spring v5.3.29
2023-08-21 15:56:05,448 INFO org.springframework.boot.SpringApplication [main] The following 1 profile is active: "github"
2023-08-21 15:56:08,492 WARN org.springframework.context.support.AbstractApplicationContext [main] Exception encountered during context initialization - cancelling refresh attempt: org.springframework.beans.factory.BeanCreationException: Error creating bean with name 'customWebSecurityConfigurerAdapter': Injection of autowired dependencies failed; nested exception is java.lang.IllegalArgumentException: Could not resolve placeholder 'uspsw' in value "${uspsw}"
2023-08-21 15:56:08,563 ERROR org.springframework.boot.SpringApplication [main] Application run failed
org.springframework.beans.factory.BeanCreationException: Error creating bean with name 'customWebSecurityConfigurerAdapter': Injection of autowired dependencies failed; nested exception is java.lang.IllegalArgumentException: Could not resolve placeholder 'uspsw' in value "${uspsw}"
	at org.springframework.beans.factory.annotation.AutowiredAnnotationBeanPostProcessor.postProcessProperties(AutowiredAnnotationBeanPostProcessor.java:405)
	at org.springframework.beans.factory.support.AbstractAutowireCapableBeanFactory.populateBean(AbstractAutowireCapableBeanFactory.java:1431)
	at org.springframework.beans.factory.support.AbstractAutowireCapableBeanFactory.doCreateBean(AbstractAutowireCapableBeanFactory.java:619)
	at org.springframework.beans.factory.support.AbstractAutowireCapableBeanFactory.createBean(AbstractAutowireCapableBeanFactory.java:542)
	at org.springframework.beans.factory.support.AbstractBeanFactory.lambda$doGetBean$0(AbstractBeanFactory.java:335)
	at org.springframework.beans.factory.support.DefaultSingletonBeanRegistry.getSingleton(DefaultSingletonBeanRegistry.java:234)
	at org.springframework.beans.factory.support.AbstractBeanFactory.doGetBean(AbstractBeanFactory.java:333)
	at org.springframework.beans.factory.support.AbstractBeanFactory.getBean(AbstractBeanFactory.java:208)
	at org.springframework.beans.factory.support.DefaultListableBeanFactory.preInstantiateSingletons(DefaultListableBeanFactory.java:955)
	at org.springframework.context.support.AbstractApplicationContext.finishBeanFactoryInitialization(AbstractApplicationContext.java:921)
	at org.springframework.context.support.AbstractApplicationContext.refresh(AbstractApplicationContext.java:583)
	at org.springframework.boot.web.servlet.context.ServletWebServerApplicationContext.refresh(ServletWebServerApplicationContext.java:147)
	at org.springframework.boot.SpringApplication.refresh(SpringApplication.java:731)
	at org.springframework.boot.SpringApplication.refreshContext(SpringApplication.java:408)
	at org.springframework.boot.SpringApplication.run(SpringApplication.java:307)
	at org.springframework.boot.SpringApplication.run(SpringApplication.java:1303)
	at org.springframework.boot.SpringApplication.run(SpringApplication.java:1292)
	at com.api.configserver.Application.main(Application.java:12)
Caused by: java.lang.IllegalArgumentException: Could not resolve placeholder 'uspsw' in value "${uspsw}"
	at org.springframework.util.PropertyPlaceholderHelper.parseStringValue(PropertyPlaceholderHelper.java:180)
	at org.springframework.util.PropertyPlaceholderHelper.replacePlaceholders(PropertyPlaceholderHelper.java:126)
	at org.springframework.core.env.AbstractPropertyResolver.doResolvePlaceholders(AbstractPropertyResolver.java:239)
	at org.springframework.core.env.AbstractPropertyResolver.resolveRequiredPlaceholders(AbstractPropertyResolver.java:210)
	at org.springframework.core.env.AbstractPropertyResolver.resolveNestedPlaceholders(AbstractPropertyResolver.java:230)
	at org.springframework.boot.context.properties.source.ConfigurationPropertySourcesPropertyResolver.getProperty(ConfigurationPropertySourcesPropertyResolver.java:79)
	at org.springframework.boot.context.properties.source.ConfigurationPropertySourcesPropertyResolver.getProperty(ConfigurationPropertySourcesPropertyResolver.java:60)
	at org.springframework.core.env.AbstractEnvironment.getProperty(AbstractEnvironment.java:594)
	at org.springframework.context.support.PropertySourcesPlaceholderConfigurer$1.getProperty(PropertySourcesPlaceholderConfigurer.java:153)
	at org.springframework.context.support.PropertySourcesPlaceholderConfigurer$1.getProperty(PropertySourcesPlaceholderConfigurer.java:149)
	at org.springframework.core.env.PropertySourcesPropertyResolver.getProperty(PropertySourcesPropertyResolver.java:85)
	at org.springframework.core.env.PropertySourcesPropertyResolver.getPropertyAsRawString(PropertySourcesPropertyResolver.java:74)
	at org.springframework.util.PropertyPlaceholderHelper.parseStringValue(PropertyPlaceholderHelper.java:153)
	at org.springframework.util.PropertyPlaceholderHelper.replacePlaceholders(PropertyPlaceholderHelper.java:126)
	at org.springframework.core.env.AbstractPropertyResolver.doResolvePlaceholders(AbstractPropertyResolver.java:239)
	at org.springframework.core.env.AbstractPropertyResolver.resolveRequiredPlaceholders(AbstractPropertyResolver.java:210)
	at org.springframework.context.support.PropertySourcesPlaceholderConfigurer.lambda$processProperties$0(PropertySourcesPlaceholderConfigurer.java:191)
	at org.springframework.beans.factory.support.AbstractBeanFactory.resolveEmbeddedValue(AbstractBeanFactory.java:936)
	at org.springframework.beans.factory.support.DefaultListableBeanFactory.doResolveDependency(DefaultListableBeanFactory.java:1332)
	at org.springframework.beans.factory.support.DefaultListableBeanFactory.resolveDependency(DefaultListableBeanFactory.java:1311)
	at org.springframework.beans.factory.annotation.AutowiredAnnotationBeanPostProcessor$AutowiredFieldElement.resolveFieldValue(AutowiredAnnotationBeanPostProcessor.java:659)
	at org.springframework.beans.factory.annotation.AutowiredAnnotationBeanPostProcessor$AutowiredFieldElement.inject(AutowiredAnnotationBeanPostProcessor.java:642)
	at org.springframework.beans.factory.annotation.InjectionMetadata.inject(InjectionMetadata.java:119)
	at org.springframework.beans.factory.annotation.AutowiredAnnotationBeanPostProcessor.postProcessProperties(AutowiredAnnotationBeanPostProcessor.java:399)
	... 17 common frames omitted
2023-08-21 15:58:27,835 INFO org.springframework.boot.StartupInfoLogger [main] Starting Application using Java 19 on DESKTOP-SLCHRS1 with PID 20224 (C:\Users\Emiliano Quircio\Documents\GitHub\ConfigServer\target\classes started by Emiliano Quircio in C:\Users\Emiliano Quircio\Documents\GitHub\ConfigServer)
2023-08-21 15:58:27,840 DEBUG org.springframework.boot.StartupInfoLogger [main] Running with Spring Boot v2.7.14, Spring v5.3.29
2023-08-21 15:58:27,842 INFO org.springframework.boot.SpringApplication [main] The following 1 profile is active: "github"
2023-08-21 15:58:36,881 INFO org.springframework.boot.StartupInfoLogger [main] Started Application in 10.266 seconds (JVM running for 10.922)
2023-08-21 15:58:37,032 INFO com.api.configserver.ApplicationRunner [main] Start CommandLineRunner...
2023-08-21 15:58:37,033 INFO com.api.configserver.ApplicationRunner [main] Powered by Emiliano Quircio in xx/xx/2022!
2023-08-21 15:58:37,035 INFO com.api.configserver.ApplicationRunner [main] ...fine!
2023-08-21 17:46:18,709 WARN org.springframework.cloud.config.server.support.AbstractScmAccessor$1 [Thread-2] Failed to delete temporary directory on exit: java.nio.file.AccessDeniedException: C:\Users\EMILIA~1\AppData\Local\Temp\config-repo-11622194254537159238\.git\objects\pack\pack-574b0b55e376ec4c46720ea9b2b34192237572f0.idx
