2023-08-22 10:42:05,488 INFO org.springframework.boot.StartupInfoLogger [main] Starting Application using Java 19 on DESKTOP-SLCHRS1 with PID 23060 (C:\Users\Emiliano Quircio\Documents\GitHub\ConfigServer\target\classes started by Emiliano Quircio in C:\Users\Emiliano Quircio\Documents\GitHub\ConfigServer)
2023-08-22 10:42:05,493 DEBUG org.springframework.boot.StartupInfoLogger [main] Running with Spring Boot v2.7.14, Spring v5.3.29
2023-08-22 10:42:05,494 INFO org.springframework.boot.SpringApplication [main] The following 1 profile is active: "github"
2023-08-22 10:42:12,107 INFO org.springframework.boot.StartupInfoLogger [main] Started Application in 7.36 seconds (JVM running for 7.768)
2023-08-22 10:42:12,213 INFO com.api.configserver.ApplicationRunner [main] Start CommandLineRunner...
2023-08-22 10:42:12,213 INFO com.api.configserver.ApplicationRunner [main] Powered by Emiliano Quircio in xx/xx/2022!
2023-08-22 10:42:12,215 INFO com.api.configserver.ApplicationRunner [main] ...fine!
2023-08-22 11:19:23,386 WARN org.springframework.cloud.config.server.support.AbstractScmAccessor$1 [Thread-2] Failed to delete temporary directory on exit: java.nio.file.AccessDeniedException: C:\Users\EMILIA~1\AppData\Local\Temp\config-repo-6739888229746951239\.git\objects\pack\pack-574b0b55e376ec4c46720ea9b2b34192237572f0.idx
2023-08-22 11:33:18,170 INFO org.springframework.boot.StartupInfoLogger [main] Starting Application using Java 19 on DESKTOP-SLCHRS1 with PID 26740 (C:\Users\Emiliano Quircio\Documents\GitHub\ConfigServer\target\classes started by Emiliano Quircio in C:\Users\Emiliano Quircio\Documents\GitHub\ConfigServer)
2023-08-22 11:33:18,173 DEBUG org.springframework.boot.StartupInfoLogger [main] Running with Spring Boot v2.7.14, Spring v5.3.29
2023-08-22 11:33:18,174 INFO org.springframework.boot.SpringApplication [main] The following 1 profile is active: "github"
2023-08-22 11:33:25,032 INFO org.springframework.boot.StartupInfoLogger [main] Started Application in 8.052 seconds (JVM running for 8.616)
2023-08-22 11:33:25,158 INFO com.api.configserver.ApplicationRunner [main] Start CommandLineRunner...
2023-08-22 11:33:25,159 INFO com.api.configserver.ApplicationRunner [main] Powered by Emiliano Quircio in xx/xx/2022!
2023-08-22 11:33:25,161 INFO com.api.configserver.ApplicationRunner [main] ...fine!
2023-08-22 16:45:49,360 WARN org.springframework.cloud.config.server.support.AbstractScmAccessor$1 [Thread-2] Failed to delete temporary directory on exit: java.nio.file.AccessDeniedException: C:\Users\EMILIA~1\AppData\Local\Temp\config-repo-10015326597168711975\.git\objects\pack\pack-574b0b55e376ec4c46720ea9b2b34192237572f0.idx
2023-08-22 16:45:56,562 INFO org.springframework.boot.StartupInfoLogger [main] Starting Application using Java 19 on DESKTOP-SLCHRS1 with PID 23316 (C:\Users\Emiliano Quircio\Documents\GitHub\ConfigServer\target\classes started by Emiliano Quircio in C:\Users\Emiliano Quircio\Documents\GitHub\ConfigServer)
2023-08-22 16:45:56,568 DEBUG org.springframework.boot.StartupInfoLogger [main] Running with Spring Boot v2.7.14, Spring v5.3.29
2023-08-22 16:45:56,569 INFO org.springframework.boot.SpringApplication [main] The following 1 profile is active: "github"
2023-08-22 16:46:04,543 INFO org.springframework.boot.StartupInfoLogger [main] Started Application in 9.171 seconds (JVM running for 9.864)
2023-08-22 16:46:04,717 INFO com.api.configserver.ApplicationRunner [main] Start CommandLineRunner...
2023-08-22 16:46:04,717 INFO com.api.configserver.ApplicationRunner [main] Powered by Emiliano Quircio in xx/xx/2022!
2023-08-22 16:46:04,720 INFO com.api.configserver.ApplicationRunner [main] ...fine!
2023-08-22 17:31:56,575 WARN org.springframework.cloud.config.server.support.AbstractScmAccessor$1 [Thread-2] Failed to delete temporary directory on exit: java.nio.file.AccessDeniedException: C:\Users\EMILIA~1\AppData\Local\Temp\config-repo-12446508339591483269\.git\objects\pack\pack-574b0b55e376ec4c46720ea9b2b34192237572f0.idx
